2013-03-16 22:18:28,158 [main] INFO  [com.fand.generator.template.DefaultTemplate] - Po.java.ftl
2013-03-16 22:18:28,159 [main] INFO  [com.fand.generator.template.DefaultTemplate] - #outputDir+#separator+#rootDir+#separator+#rootDirType+#separator+#dirType+#separator+#packageDir+#separator+#moduleMapperKey+#separator+#layer+#separator+#filename+'.java'
2013-03-16 22:18:28,284 [main] INFO  [com.fand.generator.template.DefaultTemplate] - e:\workspace\com.test.parent\hrm\src\main\java\com\test\hrm\system\po\Partition.java
2013-03-16 22:18:28,684 [main] INFO  [com.fand.generator.template.DefaultTemplate] - Po.java.ftl
2013-03-16 22:18:28,685 [main] INFO  [com.fand.generator.template.DefaultTemplate] - #outputDir+#separator+#rootDir+#separator+#rootDirType+#separator+#dirType+#separator+#packageDir+#separator+#moduleMapperKey+#separator+#layer+#separator+#filename+'.java'
2013-03-16 22:18:28,685 [main] INFO  [com.fand.generator.template.DefaultTemplate] - e:\workspace\com.test.parent\hrm\src\main\java\com\test\hrm\system\po\PartitionField.java
2013-03-16 22:18:28,693 [main] INFO  [com.fand.generator.template.DefaultTemplate] - Po.java.ftl
2013-03-16 22:18:28,693 [main] INFO  [com.fand.generator.template.DefaultTemplate] - #outputDir+#separator+#rootDir+#separator+#rootDirType+#separator+#dirType+#separator+#packageDir+#separator+#moduleMapperKey+#separator+#layer+#separator+#filename+'.java'
2013-03-16 22:18:28,693 [main] INFO  [com.fand.generator.template.DefaultTemplate] - e:\workspace\com.test.parent\hrm\src\main\java\com\test\hrm\system\po\Directory.java
2013-03-16 22:18:28,698 [main] INFO  [com.fand.generator.template.DefaultTemplate] - Po.java.ftl
2013-03-16 22:18:28,698 [main] INFO  [com.fand.generator.template.DefaultTemplate] - #outputDir+#separator+#rootDir+#separator+#rootDirType+#separator+#dirType+#separator+#packageDir+#separator+#moduleMapperKey+#separator+#layer+#separator+#filename+'.java'
2013-03-16 22:18:28,698 [main] INFO  [com.fand.generator.template.DefaultTemplate] - e:\workspace\com.test.parent\hrm\src\main\java\com\test\hrm\system\po\DirectoryField.java
2013-03-16 22:18:28,706 [main] INFO  [com.fand.generator.template.DefaultTemplate] - Po.java.ftl
2013-03-16 22:18:28,706 [main] INFO  [com.fand.generator.template.DefaultTemplate] - #outputDir+#separator+#rootDir+#separator+#rootDirType+#separator+#dirType+#separator+#packageDir+#separator+#moduleMapperKey+#separator+#layer+#separator+#filename+'.java'
2013-03-16 22:18:28,706 [main] INFO  [com.fand.generator.template.DefaultTemplate] - e:\workspace\com.test.parent\hrm\src\main\java\com\test\hrm\system\po\Resource.java
2013-03-16 22:18:28,711 [main] INFO  [com.fand.generator.template.DefaultTemplate] - Po.java.ftl
2013-03-16 22:18:28,711 [main] INFO  [com.fand.generator.template.DefaultTemplate] - #outputDir+#separator+#rootDir+#separator+#rootDirType+#separator+#dirType+#separator+#packageDir+#separator+#moduleMapperKey+#separator+#layer+#separator+#filename+'.java'
2013-03-16 22:18:28,712 [main] INFO  [com.fand.generator.template.DefaultTemplate] - e:\workspace\com.test.parent\hrm\src\main\java\com\test\hrm\system\po\ResourceField.java
2013-03-16 22:18:28,722 [main] INFO  [com.fand.generator.template.DefaultTemplate] - Dto.java.ftl
2013-03-16 22:18:28,722 [main] INFO  [com.fand.generator.template.DefaultTemplate] - #outputDir+#separator+#rootDir+#separator+#rootDirType+#separator+#dirType+#separator+#packageDir+#separator+#moduleMapperKey+#separator+#layer+#separator+#filename+'.java'
2013-03-16 22:18:28,722 [main] INFO  [com.fand.generator.template.DefaultTemplate] - e:\workspace\com.test.parent\hrm\src\main\java\com\test\hrm\system\dto\PartitionDto.java
2013-03-16 22:18:28,725 [main] INFO  [com.fand.generator.template.DefaultTemplate] - Dto.java.ftl
2013-03-16 22:18:28,725 [main] INFO  [com.fand.generator.template.DefaultTemplate] - #outputDir+#separator+#rootDir+#separator+#rootDirType+#separator+#dirType+#separator+#packageDir+#separator+#moduleMapperKey+#separator+#layer+#separator+#filename+'.java'
2013-03-16 22:18:28,726 [main] INFO  [com.fand.generator.template.DefaultTemplate] - e:\workspace\com.test.parent\hrm\src\main\java\com\test\hrm\system\dto\PartitionFieldDto.java
2013-03-16 22:18:28,727 [main] INFO  [com.fand.generator.template.DefaultTemplate] - Dto.java.ftl
2013-03-16 22:18:28,727 [main] INFO  [com.fand.generator.template.DefaultTemplate] - #outputDir+#separator+#rootDir+#separator+#rootDirType+#separator+#dirType+#separator+#packageDir+#separator+#moduleMapperKey+#separator+#layer+#separator+#filename+'.java'
2013-03-16 22:18:28,727 [main] INFO  [com.fand.generator.template.DefaultTemplate] - e:\workspace\com.test.parent\hrm\src\main\java\com\test\hrm\system\dto\DirectoryDto.java
2013-03-16 22:18:28,728 [main] INFO  [com.fand.generator.template.DefaultTemplate] - Dto.java.ftl
2013-03-16 22:18:28,728 [main] INFO  [com.fand.generator.template.DefaultTemplate] - #outputDir+#separator+#rootDir+#separator+#rootDirType+#separator+#dirType+#separator+#packageDir+#separator+#moduleMapperKey+#separator+#layer+#separator+#filename+'.java'
2013-03-16 22:18:28,728 [main] INFO  [com.fand.generator.template.DefaultTemplate] - e:\workspace\com.test.parent\hrm\src\main\java\com\test\hrm\system\dto\DirectoryFieldDto.java
2013-03-16 22:18:28,729 [main] INFO  [com.fand.generator.template.DefaultTemplate] - Dto.java.ftl
2013-03-16 22:18:28,729 [main] INFO  [com.fand.generator.template.DefaultTemplate] - #outputDir+#separator+#rootDir+#separator+#rootDirType+#separator+#dirType+#separator+#packageDir+#separator+#moduleMapperKey+#separator+#layer+#separator+#filename+'.java'
2013-03-16 22:18:28,729 [main] INFO  [com.fand.generator.template.DefaultTemplate] - e:\workspace\com.test.parent\hrm\src\main\java\com\test\hrm\system\dto\ResourceDto.java
2013-03-16 22:18:28,730 [main] INFO  [com.fand.generator.template.DefaultTemplate] - Dto.java.ftl
2013-03-16 22:18:28,730 [main] INFO  [com.fand.generator.template.DefaultTemplate] - #outputDir+#separator+#rootDir+#separator+#rootDirType+#separator+#dirType+#separator+#packageDir+#separator+#moduleMapperKey+#separator+#layer+#separator+#filename+'.java'
2013-03-16 22:18:28,730 [main] INFO  [com.fand.generator.template.DefaultTemplate] - e:\workspace\com.test.parent\hrm\src\main\java\com\test\hrm\system\dto\ResourceFieldDto.java
2013-03-16 22:18:28,733 [main] INFO  [com.fand.generator.template.DefaultTemplate] - Vo.java.ftl
2013-03-16 22:18:28,733 [main] INFO  [com.fand.generator.template.DefaultTemplate] - #outputDir+#separator+#rootDir+#separator+#rootDirType+#separator+#dirType+#separator+#packageDir+#separator+#moduleMapperKey+#separator+#layer+#separator+#filename+'.java'
2013-03-16 22:18:28,733 [main] INFO  [com.fand.generator.template.DefaultTemplate] - e:\workspace\com.test.parent\hrm\src\main\java\com\test\hrm\system\vo\SystemRunVo.java
2013-03-16 22:18:28,734 [main] INFO  [com.fand.generator.template.DefaultTemplate] - file.exists():true
2013-03-16 22:18:28,776 [main] INFO  [com.fand.generator.template.DefaultTemplate] - Dao.java.ftl
2013-03-16 22:18:28,776 [main] INFO  [com.fand.generator.template.DefaultTemplate] - #outputDir+#separator+#rootDir+#separator+#rootDirType+#separator+#dirType+#separator+#packageDir+#separator+#moduleMapperKey+#separator+#layer+#separator+#filename+'.java'
2013-03-16 22:18:28,776 [main] INFO  [com.fand.generator.template.DefaultTemplate] - e:\workspace\com.test.parent\hrm\src\main\java\com\test\hrm\system\dao\PartitionDao.java
2013-03-16 22:18:28,778 [main] INFO  [com.fand.generator.template.DefaultTemplate] - JdbcDao.java.ftl
2013-03-16 22:18:28,778 [main] INFO  [com.fand.generator.template.DefaultTemplate] - #outputDir+#separator+#rootDir+#separator+#rootDirType+#separator+#dirType+#separator+#packageDir+#separator+#moduleMapperKey+#separator+#layer+#separator+#filename+'.java'
2013-03-16 22:18:28,778 [main] INFO  [com.fand.generator.template.DefaultTemplate] - e:\workspace\com.test.parent\hrm\src\main\java\com\test\hrm\system\dao\JdbcPartitionDao.java
2013-03-16 22:18:28,781 [main] INFO  [com.fand.generator.template.DefaultTemplate] - Dao.java.ftl
2013-03-16 22:18:28,781 [main] INFO  [com.fand.generator.template.DefaultTemplate] - #outputDir+#separator+#rootDir+#separator+#rootDirType+#separator+#dirType+#separator+#packageDir+#separator+#moduleMapperKey+#separator+#layer+#separator+#filename+'.java'
2013-03-16 22:18:28,781 [main] INFO  [com.fand.generator.template.DefaultTemplate] - e:\workspace\com.test.parent\hrm\src\main\java\com\test\hrm\system\dao\PartitionFieldDao.java
2013-03-16 22:18:28,782 [main] INFO  [com.fand.generator.template.DefaultTemplate] - JdbcDao.java.ftl
2013-03-16 22:18:28,782 [main] INFO  [com.fand.generator.template.DefaultTemplate] - #outputDir+#separator+#rootDir+#separator+#rootDirType+#separator+#dirType+#separator+#packageDir+#separator+#moduleMapperKey+#separator+#layer+#separator+#filename+'.java'
2013-03-16 22:18:28,782 [main] INFO  [com.fand.generator.template.DefaultTemplate] - e:\workspace\com.test.parent\hrm\src\main\java\com\test\hrm\system\dao\JdbcPartitionFieldDao.java
2013-03-16 22:18:28,783 [main] INFO  [com.fand.generator.template.DefaultTemplate] - Dao.java.ftl
2013-03-16 22:18:28,783 [main] INFO  [com.fand.generator.template.DefaultTemplate] - #outputDir+#separator+#rootDir+#separator+#rootDirType+#separator+#dirType+#separator+#packageDir+#separator+#moduleMapperKey+#separator+#layer+#separator+#filename+'.java'
2013-03-16 22:18:28,783 [main] INFO  [com.fand.generator.template.DefaultTemplate] - e:\workspace\com.test.parent\hrm\src\main\java\com\test\hrm\system\dao\DirectoryDao.java
2013-03-16 22:18:28,783 [main] INFO  [com.fand.generator.template.DefaultTemplate] - JdbcDao.java.ftl
2013-03-16 22:18:28,784 [main] INFO  [com.fand.generator.template.DefaultTemplate] - #outputDir+#separator+#rootDir+#separator+#rootDirType+#separator+#dirType+#separator+#packageDir+#separator+#moduleMapperKey+#separator+#layer+#separator+#filename+'.java'
2013-03-16 22:18:28,784 [main] INFO  [com.fand.generator.template.DefaultTemplate] - e:\workspace\com.test.parent\hrm\src\main\java\com\test\hrm\system\dao\JdbcDirectoryDao.java
2013-03-16 22:18:28,784 [main] INFO  [com.fand.generator.template.DefaultTemplate] - Dao.java.ftl
2013-03-16 22:18:28,784 [main] INFO  [com.fand.generator.template.DefaultTemplate] - #outputDir+#separator+#rootDir+#separator+#rootDirType+#separator+#dirType+#separator+#packageDir+#separator+#moduleMapperKey+#separator+#layer+#separator+#filename+'.java'
2013-03-16 22:18:28,785 [main] INFO  [com.fand.generator.template.DefaultTemplate] - e:\workspace\com.test.parent\hrm\src\main\java\com\test\hrm\system\dao\DirectoryFieldDao.java
2013-03-16 22:18:28,785 [main] INFO  [com.fand.generator.template.DefaultTemplate] - JdbcDao.java.ftl
2013-03-16 22:18:28,785 [main] INFO  [com.fand.generator.template.DefaultTemplate] - #outputDir+#separator+#rootDir+#separator+#rootDirType+#separator+#dirType+#separator+#packageDir+#separator+#moduleMapperKey+#separator+#layer+#separator+#filename+'.java'
2013-03-16 22:18:28,786 [main] INFO  [com.fand.generator.template.DefaultTemplate] - e:\workspace\com.test.parent\hrm\src\main\java\com\test\hrm\system\dao\JdbcDirectoryFieldDao.java
2013-03-16 22:18:28,786 [main] INFO  [com.fand.generator.template.DefaultTemplate] - Dao.java.ftl
2013-03-16 22:18:28,786 [main] INFO  [com.fand.generator.template.DefaultTemplate] - #outputDir+#separator+#rootDir+#separator+#rootDirType+#separator+#dirType+#separator+#packageDir+#separator+#moduleMapperKey+#separator+#layer+#separator+#filename+'.java'
2013-03-16 22:18:28,787 [main] INFO  [com.fand.generator.template.DefaultTemplate] - e:\workspace\com.test.parent\hrm\src\main\java\com\test\hrm\system\dao\ResourceDao.java
2013-03-16 22:18:28,787 [main] INFO  [com.fand.generator.template.DefaultTemplate] - JdbcDao.java.ftl
2013-03-16 22:18:28,787 [main] INFO  [com.fand.generator.template.DefaultTemplate] - #outputDir+#separator+#rootDir+#separator+#rootDirType+#separator+#dirType+#separator+#packageDir+#separator+#moduleMapperKey+#separator+#layer+#separator+#filename+'.java'
2013-03-16 22:18:28,787 [main] INFO  [com.fand.generator.template.DefaultTemplate] - e:\workspace\com.test.parent\hrm\src\main\java\com\test\hrm\system\dao\JdbcResourceDao.java
2013-03-16 22:18:28,788 [main] INFO  [com.fand.generator.template.DefaultTemplate] - Dao.java.ftl
2013-03-16 22:18:28,788 [main] INFO  [com.fand.generator.template.DefaultTemplate] - #outputDir+#separator+#rootDir+#separator+#rootDirType+#separator+#dirType+#separator+#packageDir+#separator+#moduleMapperKey+#separator+#layer+#separator+#filename+'.java'
2013-03-16 22:18:28,788 [main] INFO  [com.fand.generator.template.DefaultTemplate] - e:\workspace\com.test.parent\hrm\src\main\java\com\test\hrm\system\dao\ResourceFieldDao.java
2013-03-16 22:18:28,789 [main] INFO  [com.fand.generator.template.DefaultTemplate] - JdbcDao.java.ftl
2013-03-16 22:18:28,789 [main] INFO  [com.fand.generator.template.DefaultTemplate] - #outputDir+#separator+#rootDir+#separator+#rootDirType+#separator+#dirType+#separator+#packageDir+#separator+#moduleMapperKey+#separator+#layer+#separator+#filename+'.java'
2013-03-16 22:18:28,789 [main] INFO  [com.fand.generator.template.DefaultTemplate] - e:\workspace\com.test.parent\hrm\src\main\java\com\test\hrm\system\dao\JdbcResourceFieldDao.java
2013-03-16 22:18:28,790 [main] INFO  [com.fand.generator.template.DefaultTemplate] - Dao.java.ftl
2013-03-16 22:18:28,790 [main] INFO  [com.fand.generator.template.DefaultTemplate] - #outputDir+#separator+#rootDir+#separator+#rootDirType+#separator+#dirType+#separator+#packageDir+#separator+#moduleMapperKey+#separator+#layer+#separator+#filename+'.java'
2013-03-16 22:18:28,791 [main] INFO  [com.fand.generator.template.DefaultTemplate] - e:\workspace\com.test.parent\hrm\src\main\java\com\test\hrm\system\dao\SystemRunDao.java
2013-03-16 22:18:28,791 [main] INFO  [com.fand.generator.template.DefaultTemplate] - file.exists():true
2013-03-16 22:18:28,792 [main] INFO  [com.fand.generator.template.DefaultTemplate] - JdbcDao.java.ftl
2013-03-16 22:18:28,792 [main] INFO  [com.fand.generator.template.DefaultTemplate] - #outputDir+#separator+#rootDir+#separator+#rootDirType+#separator+#dirType+#separator+#packageDir+#separator+#moduleMapperKey+#separator+#layer+#separator+#filename+'.java'
2013-03-16 22:18:28,792 [main] INFO  [com.fand.generator.template.DefaultTemplate] - e:\workspace\com.test.parent\hrm\src\main\java\com\test\hrm\system\dao\JdbcSystemRunDao.java
2013-03-16 22:18:28,792 [main] INFO  [com.fand.generator.template.DefaultTemplate] - file.exists():true
2013-03-16 22:18:28,794 [main] INFO  [com.fand.generator.template.DefaultTemplate] - Service.java.ftl
2013-03-16 22:18:28,794 [main] INFO  [com.fand.generator.template.DefaultTemplate] - #outputDir+#separator+#rootDir+#separator+#rootDirType+#separator+#dirType+#separator+#packageDir+#separator+#moduleMapperKey+#separator+#layer+#separator+#filename+'.java'
2013-03-16 22:18:28,794 [main] INFO  [com.fand.generator.template.DefaultTemplate] - e:\workspace\com.test.parent\hrm\src\main\java\com\test\hrm\system\service\SystemRunService.java
2013-03-16 22:18:28,794 [main] INFO  [com.fand.generator.template.DefaultTemplate] - file.exists():true
2013-03-16 22:18:28,796 [main] INFO  [com.fand.generator.template.DefaultTemplate] - DefaultService.java.ftl
2013-03-16 22:18:28,797 [main] INFO  [com.fand.generator.template.DefaultTemplate] - #outputDir+#separator+#rootDir+#separator+#rootDirType+#separator+#dirType+#separator+#packageDir+#separator+#moduleMapperKey+#separator+#layer+#separator+#filename+'.java'
2013-03-16 22:18:28,797 [main] INFO  [com.fand.generator.template.DefaultTemplate] - e:\workspace\com.test.parent\hrm\src\main\java\com\test\hrm\system\service\DefaultSystemRunService.java
2013-03-16 22:18:28,797 [main] INFO  [com.fand.generator.template.DefaultTemplate] - file.exists():true
2013-03-16 22:18:28,804 [main] INFO  [com.fand.generator.template.DefaultTemplate] - create.ftl
2013-03-16 22:18:28,805 [main] INFO  [com.fand.generator.template.DefaultTemplate] - #outputDir+#separator+#rootDir+#separator+#rootDirType+#separator+#dirType+#separator+'sql'+#separator+'oracle'+#separator+#moduleMapperKey+#separator+#camelCasePoCo+#separator+#filename+'.ftl'
2013-03-16 22:18:28,805 [main] INFO  [com.fand.generator.template.DefaultTemplate] - e:\workspace\com.test.parent\hrm\src\main\resources\sql\oracle\system\partition\create.ftl
2013-03-16 22:18:28,809 [main] INFO  [com.fand.generator.template.DefaultTemplate] - where_.ftl
2013-03-16 22:18:28,809 [main] INFO  [com.fand.generator.template.DefaultTemplate] - #outputDir+#separator+#rootDir+#separator+#rootDirType+#separator+#dirType+#separator+'sql'+#separator+'oracle'+#separator+#moduleMapperKey+#separator+#camelCasePoCo+#separator+#filename+'.ftl'
2013-03-16 22:18:28,809 [main] INFO  [com.fand.generator.template.DefaultTemplate] - e:\workspace\com.test.parent\hrm\src\main\resources\sql\oracle\system\partition\where_.ftl
2013-03-16 22:18:28,812 [main] INFO  [com.fand.generator.template.DefaultTemplate] - save.ftl
2013-03-16 22:18:28,812 [main] INFO  [com.fand.generator.template.DefaultTemplate] - #outputDir+#separator+#rootDir+#separator+#rootDirType+#separator+#dirType+#separator+'sql'+#separator+'oracle'+#separator+#moduleMapperKey+#separator+#camelCasePoCo+#separator+#filename+'.ftl'
2013-03-16 22:18:28,812 [main] INFO  [com.fand.generator.template.DefaultTemplate] - e:\workspace\com.test.parent\hrm\src\main\resources\sql\oracle\system\partition\save.ftl
2013-03-16 22:18:28,815 [main] INFO  [com.fand.generator.template.DefaultTemplate] - find.ftl
2013-03-16 22:18:28,815 [main] INFO  [com.fand.generator.template.DefaultTemplate] - #outputDir+#separator+#rootDir+#separator+#rootDirType+#separator+#dirType+#separator+'sql'+#separator+'oracle'+#separator+#moduleMapperKey+#separator+#camelCasePoCo+#separator+#filename+'.ftl'
2013-03-16 22:18:28,816 [main] INFO  [com.fand.generator.template.DefaultTemplate] - e:\workspace\com.test.parent\hrm\src\main\resources\sql\oracle\system\partition\find.ftl
2013-03-16 22:18:28,828 [main] INFO  [com.fand.generator.template.DefaultTemplate] - get.ftl
2013-03-16 22:18:28,828 [main] INFO  [com.fand.generator.template.DefaultTemplate] - #outputDir+#separator+#rootDir+#separator+#rootDirType+#separator+#dirType+#separator+'sql'+#separator+'oracle'+#separator+#moduleMapperKey+#separator+#camelCasePoCo+#separator+#filename+'.ftl'
2013-03-16 22:18:28,829 [main] INFO  [com.fand.generator.template.DefaultTemplate] - e:\workspace\com.test.parent\hrm\src\main\resources\sql\oracle\system\partition\get.ftl
2013-03-16 22:18:28,832 [main] INFO  [com.fand.generator.template.DefaultTemplate] - read.ftl
2013-03-16 22:18:28,832 [main] INFO  [com.fand.generator.template.DefaultTemplate] - #outputDir+#separator+#rootDir+#separator+#rootDirType+#separator+#dirType+#separator+'sql'+#separator+'oracle'+#separator+#moduleMapperKey+#separator+#camelCasePoCo+#separator+#filename+'.ftl'
2013-03-16 22:18:28,832 [main] INFO  [com.fand.generator.template.DefaultTemplate] - e:\workspace\com.test.parent\hrm\src\main\resources\sql\oracle\system\partition\read.ftl
2013-03-16 22:18:28,835 [main] INFO  [com.fand.generator.template.DefaultTemplate] - remove.ftl
2013-03-16 22:18:28,835 [main] INFO  [com.fand.generator.template.DefaultTemplate] - #outputDir+#separator+#rootDir+#separator+#rootDirType+#separator+#dirType+#separator+'sql'+#separator+'oracle'+#separator+#moduleMapperKey+#separator+#camelCasePoCo+#separator+#filename+'.ftl'
2013-03-16 22:18:28,835 [main] INFO  [com.fand.generator.template.DefaultTemplate] - e:\workspace\com.test.parent\hrm\src\main\resources\sql\oracle\system\partition\remove.ftl
2013-03-16 22:18:28,837 [main] INFO  [com.fand.generator.template.DefaultTemplate] - create.ftl
2013-03-16 22:18:28,837 [main] INFO  [com.fand.generator.template.DefaultTemplate] - #outputDir+#separator+#rootDir+#separator+#rootDirType+#separator+#dirType+#separator+'sql'+#separator+'oracle'+#separator+#moduleMapperKey+#separator+#camelCasePoCo+#separator+#filename+'.ftl'
2013-03-16 22:18:28,837 [main] INFO  [com.fand.generator.template.DefaultTemplate] - e:\workspace\com.test.parent\hrm\src\main\resources\sql\oracle\system\partitionfield\create.ftl
2013-03-16 22:18:28,839 [main] INFO  [com.fand.generator.template.DefaultTemplate] - where_.ftl
2013-03-16 22:18:28,839 [main] INFO  [com.fand.generator.template.DefaultTemplate] - #outputDir+#separator+#rootDir+#separator+#rootDirType+#separator+#dirType+#separator+'sql'+#separator+'oracle'+#separator+#moduleMapperKey+#separator+#camelCasePoCo+#separator+#filename+'.ftl'
2013-03-16 22:18:28,839 [main] INFO  [com.fand.generator.template.DefaultTemplate] - e:\workspace\com.test.parent\hrm\src\main\resources\sql\oracle\system\partitionfield\where_.ftl
2013-03-16 22:18:28,841 [main] INFO  [com.fand.generator.template.DefaultTemplate] - save.ftl
2013-03-16 22:18:28,841 [main] INFO  [com.fand.generator.template.DefaultTemplate] - #outputDir+#separator+#rootDir+#separator+#rootDirType+#separator+#dirType+#separator+'sql'+#separator+'oracle'+#separator+#moduleMapperKey+#separator+#camelCasePoCo+#separator+#filename+'.ftl'
2013-03-16 22:18:28,841 [main] INFO  [com.fand.generator.template.DefaultTemplate] - e:\workspace\com.test.parent\hrm\src\main\resources\sql\oracle\system\partitionfield\save.ftl
2013-03-16 22:18:28,842 [main] INFO  [com.fand.generator.template.DefaultTemplate] - find.ftl
2013-03-16 22:18:28,843 [main] INFO  [com.fand.generator.template.DefaultTemplate] - #outputDir+#separator+#rootDir+#separator+#rootDirType+#separator+#dirType+#separator+'sql'+#separator+'oracle'+#separator+#moduleMapperKey+#separator+#camelCasePoCo+#separator+#filename+'.ftl'
2013-03-16 22:18:28,843 [main] INFO  [com.fand.generator.template.DefaultTemplate] - e:\workspace\com.test.parent\hrm\src\main\resources\sql\oracle\system\partitionfield\find.ftl
2013-03-16 22:18:28,845 [main] INFO  [com.fand.generator.template.DefaultTemplate] - get.ftl
2013-03-16 22:18:28,845 [main] INFO  [com.fand.generator.template.DefaultTemplate] - #outputDir+#separator+#rootDir+#separator+#rootDirType+#separator+#dirType+#separator+'sql'+#separator+'oracle'+#separator+#moduleMapperKey+#separator+#camelCasePoCo+#separator+#filename+'.ftl'
2013-03-16 22:18:28,845 [main] INFO  [com.fand.generator.template.DefaultTemplate] - e:\workspace\com.test.parent\hrm\src\main\resources\sql\oracle\system\partitionfield\get.ftl
2013-03-16 22:18:28,847 [main] INFO  [com.fand.generator.template.DefaultTemplate] - read.ftl
2013-03-16 22:18:28,847 [main] INFO  [com.fand.generator.template.DefaultTemplate] - #outputDir+#separator+#rootDir+#separator+#rootDirType+#separator+#dirType+#separator+'sql'+#separator+'oracle'+#separator+#moduleMapperKey+#separator+#camelCasePoCo+#separator+#filename+'.ftl'
2013-03-16 22:18:28,847 [main] INFO  [com.fand.generator.template.DefaultTemplate] - e:\workspace\com.test.parent\hrm\src\main\resources\sql\oracle\system\partitionfield\read.ftl
2013-03-16 22:18:28,848 [main] INFO  [com.fand.generator.template.DefaultTemplate] - remove.ftl
2013-03-16 22:18:28,848 [main] INFO  [com.fand.generator.template.DefaultTemplate] - #outputDir+#separator+#rootDir+#separator+#rootDirType+#separator+#dirType+#separator+'sql'+#separator+'oracle'+#separator+#moduleMapperKey+#separator+#camelCasePoCo+#separator+#filename+'.ftl'
2013-03-16 22:18:28,849 [main] INFO  [com.fand.generator.template.DefaultTemplate] - e:\workspace\com.test.parent\hrm\src\main\resources\sql\oracle\system\partitionfield\remove.ftl
2013-03-16 22:18:28,849 [main] INFO  [com.fand.generator.template.DefaultTemplate] - create.ftl
2013-03-16 22:18:28,849 [main] INFO  [com.fand.generator.template.DefaultTemplate] - #outputDir+#separator+#rootDir+#separator+#rootDirType+#separator+#dirType+#separator+'sql'+#separator+'oracle'+#separator+#moduleMapperKey+#separator+#camelCasePoCo+#separator+#filename+'.ftl'
2013-03-16 22:18:28,850 [main] INFO  [com.fand.generator.template.DefaultTemplate] - e:\workspace\com.test.parent\hrm\src\main\resources\sql\oracle\system\directory\create.ftl
2013-03-16 22:18:28,851 [main] INFO  [com.fand.generator.template.DefaultTemplate] - where_.ftl
2013-03-16 22:18:28,851 [main] INFO  [com.fand.generator.template.DefaultTemplate] - #outputDir+#separator+#rootDir+#separator+#rootDirType+#separator+#dirType+#separator+'sql'+#separator+'oracle'+#separator+#moduleMapperKey+#separator+#camelCasePoCo+#separator+#filename+'.ftl'
2013-03-16 22:18:28,852 [main] INFO  [com.fand.generator.template.DefaultTemplate] - e:\workspace\com.test.parent\hrm\src\main\resources\sql\oracle\system\directory\where_.ftl
2013-03-16 22:18:28,853 [main] INFO  [com.fand.generator.template.DefaultTemplate] - save.ftl
2013-03-16 22:18:28,853 [main] INFO  [com.fand.generator.template.DefaultTemplate] - #outputDir+#separator+#rootDir+#separator+#rootDirType+#separator+#dirType+#separator+'sql'+#separator+'oracle'+#separator+#moduleMapperKey+#separator+#camelCasePoCo+#separator+#filename+'.ftl'
2013-03-16 22:18:28,853 [main] INFO  [com.fand.generator.template.DefaultTemplate] - e:\workspace\com.test.parent\hrm\src\main\resources\sql\oracle\system\directory\save.ftl
2013-03-16 22:18:28,854 [main] INFO  [com.fand.generator.template.DefaultTemplate] - find.ftl
2013-03-16 22:18:28,854 [main] INFO  [com.fand.generator.template.DefaultTemplate] - #outputDir+#separator+#rootDir+#separator+#rootDirType+#separator+#dirType+#separator+'sql'+#separator+'oracle'+#separator+#moduleMapperKey+#separator+#camelCasePoCo+#separator+#filename+'.ftl'
2013-03-16 22:18:28,855 [main] INFO  [com.fand.generator.template.DefaultTemplate] - e:\workspace\com.test.parent\hrm\src\main\resources\sql\oracle\system\directory\find.ftl
2013-03-16 22:18:28,856 [main] INFO  [com.fand.generator.template.DefaultTemplate] - get.ftl
2013-03-16 22:18:28,856 [main] INFO  [com.fand.generator.template.DefaultTemplate] - #outputDir+#separator+#rootDir+#separator+#rootDirType+#separator+#dirType+#separator+'sql'+#separator+'oracle'+#separator+#moduleMapperKey+#separator+#camelCasePoCo+#separator+#filename+'.ftl'
2013-03-16 22:18:28,857 [main] INFO  [com.fand.generator.template.DefaultTemplate] - e:\workspace\com.test.parent\hrm\src\main\resources\sql\oracle\system\directory\get.ftl
2013-03-16 22:18:28,858 [main] INFO  [com.fand.generator.template.DefaultTemplate] - read.ftl
2013-03-16 22:18:28,858 [main] INFO  [com.fand.generator.template.DefaultTemplate] - #outputDir+#separator+#rootDir+#separator+#rootDirType+#separator+#dirType+#separator+'sql'+#separator+'oracle'+#separator+#moduleMapperKey+#separator+#camelCasePoCo+#separator+#filename+'.ftl'
2013-03-16 22:18:28,858 [main] INFO  [com.fand.generator.template.DefaultTemplate] - e:\workspace\com.test.parent\hrm\src\main\resources\sql\oracle\system\directory\read.ftl
2013-03-16 22:18:28,860 [main] INFO  [com.fand.generator.template.DefaultTemplate] - remove.ftl
2013-03-16 22:18:28,860 [main] INFO  [com.fand.generator.template.DefaultTemplate] - #outputDir+#separator+#rootDir+#separator+#rootDirType+#separator+#dirType+#separator+'sql'+#separator+'oracle'+#separator+#moduleMapperKey+#separator+#camelCasePoCo+#separator+#filename+'.ftl'
2013-03-16 22:18:28,860 [main] INFO  [com.fand.generator.template.DefaultTemplate] - e:\workspace\com.test.parent\hrm\src\main\resources\sql\oracle\system\directory\remove.ftl
2013-03-16 22:18:28,860 [main] INFO  [com.fand.generator.template.DefaultTemplate] - create.ftl
2013-03-16 22:18:28,861 [main] INFO  [com.fand.generator.template.DefaultTemplate] - #outputDir+#separator+#rootDir+#separator+#rootDirType+#separator+#dirType+#separator+'sql'+#separator+'oracle'+#separator+#moduleMapperKey+#separator+#camelCasePoCo+#separator+#filename+'.ftl'
2013-03-16 22:18:28,861 [main] INFO  [com.fand.generator.template.DefaultTemplate] - e:\workspace\com.test.parent\hrm\src\main\resources\sql\oracle\system\directoryfield\create.ftl
2013-03-16 22:18:28,862 [main] INFO  [com.fand.generator.template.DefaultTemplate] - where_.ftl
2013-03-16 22:18:28,862 [main] INFO  [com.fand.generator.template.DefaultTemplate] - #outputDir+#separator+#rootDir+#separator+#rootDirType+#separator+#dirType+#separator+'sql'+#separator+'oracle'+#separator+#moduleMapperKey+#separator+#camelCasePoCo+#separator+#filename+'.ftl'
2013-03-16 22:18:28,863 [main] INFO  [com.fand.generator.template.DefaultTemplate] - e:\workspace\com.test.parent\hrm\src\main\resources\sql\oracle\system\directoryfield\where_.ftl
2013-03-16 22:18:28,864 [main] INFO  [com.fand.generator.template.DefaultTemplate] - save.ftl
2013-03-16 22:18:28,864 [main] INFO  [com.fand.generator.template.DefaultTemplate] - #outputDir+#separator+#rootDir+#separator+#rootDirType+#separator+#dirType+#separator+'sql'+#separator+'oracle'+#separator+#moduleMapperKey+#separator+#camelCasePoCo+#separator+#filename+'.ftl'
2013-03-16 22:18:28,864 [main] INFO  [com.fand.generator.template.DefaultTemplate] - e:\workspace\com.test.parent\hrm\src\main\resources\sql\oracle\system\directoryfield\save.ftl
2013-03-16 22:18:28,866 [main] INFO  [com.fand.generator.template.DefaultTemplate] - find.ftl
2013-03-16 22:18:28,866 [main] INFO  [com.fand.generator.template.DefaultTemplate] - #outputDir+#separator+#rootDir+#separator+#rootDirType+#separator+#dirType+#separator+'sql'+#separator+'oracle'+#separator+#moduleMapperKey+#separator+#camelCasePoCo+#separator+#filename+'.ftl'
2013-03-16 22:18:28,866 [main] INFO  [com.fand.generator.template.DefaultTemplate] - e:\workspace\com.test.parent\hrm\src\main\resources\sql\oracle\system\directoryfield\find.ftl
2013-03-16 22:18:28,868 [main] INFO  [com.fand.generator.template.DefaultTemplate] - get.ftl
2013-03-16 22:18:28,868 [main] INFO  [com.fand.generator.template.DefaultTemplate] - #outputDir+#separator+#rootDir+#separator+#rootDirType+#separator+#dirType+#separator+'sql'+#separator+'oracle'+#separator+#moduleMapperKey+#separator+#camelCasePoCo+#separator+#filename+'.ftl'
2013-03-16 22:18:28,868 [main] INFO  [com.fand.generator.template.DefaultTemplate] - e:\workspace\com.test.parent\hrm\src\main\resources\sql\oracle\system\directoryfield\get.ftl
2013-03-16 22:18:28,870 [main] INFO  [com.fand.generator.template.DefaultTemplate] - read.ftl
2013-03-16 22:18:28,870 [main] INFO  [com.fand.generator.template.DefaultTemplate] - #outputDir+#separator+#rootDir+#separator+#rootDirType+#separator+#dirType+#separator+'sql'+#separator+'oracle'+#separator+#moduleMapperKey+#separator+#camelCasePoCo+#separator+#filename+'.ftl'
2013-03-16 22:18:28,870 [main] INFO  [com.fand.generator.template.DefaultTemplate] - e:\workspace\com.test.parent\hrm\src\main\resources\sql\oracle\system\directoryfield\read.ftl
2013-03-16 22:18:28,871 [main] INFO  [com.fand.generator.template.DefaultTemplate] - remove.ftl
2013-03-16 22:18:28,871 [main] INFO  [com.fand.generator.template.DefaultTemplate] - #outputDir+#separator+#rootDir+#separator+#rootDirType+#separator+#dirType+#separator+'sql'+#separator+'oracle'+#separator+#moduleMapperKey+#separator+#camelCasePoCo+#separator+#filename+'.ftl'
2013-03-16 22:18:28,872 [main] INFO  [com.fand.generator.template.DefaultTemplate] - e:\workspace\com.test.parent\hrm\src\main\resources\sql\oracle\system\directoryfield\remove.ftl
2013-03-16 22:18:28,872 [main] INFO  [com.fand.generator.template.DefaultTemplate] - create.ftl
2013-03-16 22:18:28,872 [main] INFO  [com.fand.generator.template.DefaultTemplate] - #outputDir+#separator+#rootDir+#separator+#rootDirType+#separator+#dirType+#separator+'sql'+#separator+'oracle'+#separator+#moduleMapperKey+#separator+#camelCasePoCo+#separator+#filename+'.ftl'
2013-03-16 22:18:28,872 [main] INFO  [com.fand.generator.template.DefaultTemplate] - e:\workspace\com.test.parent\hrm\src\main\resources\sql\oracle\system\resource\create.ftl
2013-03-16 22:18:28,874 [main] INFO  [com.fand.generator.template.DefaultTemplate] - where_.ftl
2013-03-16 22:18:28,874 [main] INFO  [com.fand.generator.template.DefaultTemplate] - #outputDir+#separator+#rootDir+#separator+#rootDirType+#separator+#dirType+#separator+'sql'+#separator+'oracle'+#separator+#moduleMapperKey+#separator+#camelCasePoCo+#separator+#filename+'.ftl'
2013-03-16 22:18:28,874 [main] INFO  [com.fand.generator.template.DefaultTemplate] - e:\workspace\com.test.parent\hrm\src\main\resources\sql\oracle\system\resource\where_.ftl
2013-03-16 22:18:28,875 [main] INFO  [com.fand.generator.template.DefaultTemplate] - save.ftl
2013-03-16 22:18:28,875 [main] INFO  [com.fand.generator.template.DefaultTemplate] - #outputDir+#separator+#rootDir+#separator+#rootDirType+#separator+#dirType+#separator+'sql'+#separator+'oracle'+#separator+#moduleMapperKey+#separator+#camelCasePoCo+#separator+#filename+'.ftl'
2013-03-16 22:18:28,876 [main] INFO  [com.fand.generator.template.DefaultTemplate] - e:\workspace\com.test.parent\hrm\src\main\resources\sql\oracle\system\resource\save.ftl
2013-03-16 22:18:28,877 [main] INFO  [com.fand.generator.template.DefaultTemplate] - find.ftl
2013-03-16 22:18:28,877 [main] INFO  [com.fand.generator.template.DefaultTemplate] - #outputDir+#separator+#rootDir+#separator+#rootDirType+#separator+#dirType+#separator+'sql'+#separator+'oracle'+#separator+#moduleMapperKey+#separator+#camelCasePoCo+#separator+#filename+'.ftl'
2013-03-16 22:18:28,877 [main] INFO  [com.fand.generator.template.DefaultTemplate] - e:\workspace\com.test.parent\hrm\src\main\resources\sql\oracle\system\resource\find.ftl
2013-03-16 22:18:28,878 [main] INFO  [com.fand.generator.template.DefaultTemplate] - get.ftl
2013-03-16 22:18:28,878 [main] INFO  [com.fand.generator.template.DefaultTemplate] - #outputDir+#separator+#rootDir+#separator+#rootDirType+#separator+#dirType+#separator+'sql'+#separator+'oracle'+#separator+#moduleMapperKey+#separator+#camelCasePoCo+#separator+#filename+'.ftl'
2013-03-16 22:18:28,879 [main] INFO  [com.fand.generator.template.DefaultTemplate] - e:\workspace\com.test.parent\hrm\src\main\resources\sql\oracle\system\resource\get.ftl
2013-03-16 22:18:28,880 [main] INFO  [com.fand.generator.template.DefaultTemplate] - read.ftl
2013-03-16 22:18:28,880 [main] INFO  [com.fand.generator.template.DefaultTemplate] - #outputDir+#separator+#rootDir+#separator+#rootDirType+#separator+#dirType+#separator+'sql'+#separator+'oracle'+#separator+#moduleMapperKey+#separator+#camelCasePoCo+#separator+#filename+'.ftl'
2013-03-16 22:18:28,880 [main] INFO  [com.fand.generator.template.DefaultTemplate] - e:\workspace\com.test.parent\hrm\src\main\resources\sql\oracle\system\resource\read.ftl
2013-03-16 22:18:28,881 [main] INFO  [com.fand.generator.template.DefaultTemplate] - remove.ftl
2013-03-16 22:18:28,881 [main] INFO  [com.fand.generator.template.DefaultTemplate] - #outputDir+#separator+#rootDir+#separator+#rootDirType+#separator+#dirType+#separator+'sql'+#separator+'oracle'+#separator+#moduleMapperKey+#separator+#camelCasePoCo+#separator+#filename+'.ftl'
2013-03-16 22:18:28,881 [main] INFO  [com.fand.generator.template.DefaultTemplate] - e:\workspace\com.test.parent\hrm\src\main\resources\sql\oracle\system\resource\remove.ftl
2013-03-16 22:18:28,882 [main] INFO  [com.fand.generator.template.DefaultTemplate] - create.ftl
2013-03-16 22:18:28,882 [main] INFO  [com.fand.generator.template.DefaultTemplate] - #outputDir+#separator+#rootDir+#separator+#rootDirType+#separator+#dirType+#separator+'sql'+#separator+'oracle'+#separator+#moduleMapperKey+#separator+#camelCasePoCo+#separator+#filename+'.ftl'
2013-03-16 22:18:28,882 [main] INFO  [com.fand.generator.template.DefaultTemplate] - e:\workspace\com.test.parent\hrm\src\main\resources\sql\oracle\system\resourcefield\create.ftl
2013-03-16 22:18:28,884 [main] INFO  [com.fand.generator.template.DefaultTemplate] - where_.ftl
2013-03-16 22:18:28,884 [main] INFO  [com.fand.generator.template.DefaultTemplate] - #outputDir+#separator+#rootDir+#separator+#rootDirType+#separator+#dirType+#separator+'sql'+#separator+'oracle'+#separator+#moduleMapperKey+#separator+#camelCasePoCo+#separator+#filename+'.ftl'
2013-03-16 22:18:28,884 [main] INFO  [com.fand.generator.template.DefaultTemplate] - e:\workspace\com.test.parent\hrm\src\main\resources\sql\oracle\system\resourcefield\where_.ftl
2013-03-16 22:18:28,886 [main] INFO  [com.fand.generator.template.DefaultTemplate] - save.ftl
2013-03-16 22:18:28,886 [main] INFO  [com.fand.generator.template.DefaultTemplate] - #outputDir+#separator+#rootDir+#separator+#rootDirType+#separator+#dirType+#separator+'sql'+#separator+'oracle'+#separator+#moduleMapperKey+#separator+#camelCasePoCo+#separator+#filename+'.ftl'
2013-03-16 22:18:28,886 [main] INFO  [com.fand.generator.template.DefaultTemplate] - e:\workspace\com.test.parent\hrm\src\main\resources\sql\oracle\system\resourcefield\save.ftl
2013-03-16 22:18:28,887 [main] INFO  [com.fand.generator.template.DefaultTemplate] - find.ftl
2013-03-16 22:18:28,887 [main] INFO  [com.fand.generator.template.DefaultTemplate] - #outputDir+#separator+#rootDir+#separator+#rootDirType+#separator+#dirType+#separator+'sql'+#separator+'oracle'+#separator+#moduleMapperKey+#separator+#camelCasePoCo+#separator+#filename+'.ftl'
2013-03-16 22:18:28,887 [main] INFO  [com.fand.generator.template.DefaultTemplate] - e:\workspace\com.test.parent\hrm\src\main\resources\sql\oracle\system\resourcefield\find.ftl
2013-03-16 22:18:28,889 [main] INFO  [com.fand.generator.template.DefaultTemplate] - get.ftl
2013-03-16 22:18:28,889 [main] INFO  [com.fand.generator.template.DefaultTemplate] - #outputDir+#separator+#rootDir+#separator+#rootDirType+#separator+#dirType+#separator+'sql'+#separator+'oracle'+#separator+#moduleMapperKey+#separator+#camelCasePoCo+#separator+#filename+'.ftl'
2013-03-16 22:18:28,889 [main] INFO  [com.fand.generator.template.DefaultTemplate] - e:\workspace\com.test.parent\hrm\src\main\resources\sql\oracle\system\resourcefield\get.ftl
2013-03-16 22:18:28,891 [main] INFO  [com.fand.generator.template.DefaultTemplate] - read.ftl
2013-03-16 22:18:28,891 [main] INFO  [com.fand.generator.template.DefaultTemplate] - #outputDir+#separator+#rootDir+#separator+#rootDirType+#separator+#dirType+#separator+'sql'+#separator+'oracle'+#separator+#moduleMapperKey+#separator+#camelCasePoCo+#separator+#filename+'.ftl'
2013-03-16 22:18:28,891 [main] INFO  [com.fand.generator.template.DefaultTemplate] - e:\workspace\com.test.parent\hrm\src\main\resources\sql\oracle\system\resourcefield\read.ftl
2013-03-16 22:18:28,892 [main] INFO  [com.fand.generator.template.DefaultTemplate] - remove.ftl
2013-03-16 22:18:28,892 [main] INFO  [com.fand.generator.template.DefaultTemplate] - #outputDir+#separator+#rootDir+#separator+#rootDirType+#separator+#dirType+#separator+'sql'+#separator+'oracle'+#separator+#moduleMapperKey+#separator+#camelCasePoCo+#separator+#filename+'.ftl'
2013-03-16 22:18:28,893 [main] INFO  [com.fand.generator.template.DefaultTemplate] - e:\workspace\com.test.parent\hrm\src\main\resources\sql\oracle\system\resourcefield\remove.ftl
2013-03-16 22:18:28,893 [main] INFO  [com.fand.generator.template.DefaultTemplate] - applicationContext-service.ftl
2013-03-16 22:18:28,893 [main] INFO  [com.fand.generator.template.DefaultTemplate] - #outputDir+#separator+#rootDir+#separator+#rootDirType+#separator+#dirType+#separator+'modules'+#separator+#moduleMapperKey+#separator+#filename
2013-03-16 22:18:28,893 [main] INFO  [com.fand.generator.template.DefaultTemplate] - e:\workspace\com.test.parent\hrm\src\main\resources\modules\system\applicationContext-SystemRun.xml
2013-03-16 22:18:28,894 [main] INFO  [com.fand.generator.template.DefaultTemplate] - file.exists():true
